C:\USERS\KIRILL\DESKTOP\TEST\ECO.LAB2_TEST\ECO.CALCULATORE\ASSEMBLYFILES\WINDOWS\VISUALSTUDIO_10\ECO.CALCULATORE\DYNAMICDEBUG\872FEF1DE3314B87AD44D1E7C232C2F0.DLL.INTERMEDIATE.MANIFEST
C:\USERS\KIRILL\DESKTOP\TEST\ECO.LAB2_TEST\ECO.CALCULATORE\ASSEMBLYFILES\WINDOWS\VISUALSTUDIO_10\ECO.CALCULATORE\DYNAMICDEBUG\CECOCALCULATORE.OBJ
C:\USERS\KIRILL\DESKTOP\TEST\ECO.LAB2_TEST\ECO.CALCULATORE\ASSEMBLYFILES\WINDOWS\VISUALSTUDIO_10\ECO.CALCULATORE\DYNAMICDEBUG\CECOCALCULATOREFACTORY.OBJ
C:\USERS\KIRILL\DESKTOP\TEST\ECO.LAB2_TEST\ECO.CALCULATORE\ASSEMBLYFILES\WINDOWS\VISUALSTUDIO_10\ECO.CALCULATORE\DYNAMICDEBUG\VC100.PDB
C:\USERS\KIRILL\DESKTOP\TEST\ECO.LAB2_TEST\ECO.CALCULATORE\BUILDFILES\WINDOWS\X86\DYNAMICDEBUG\872FEF1DE3314B87AD44D1E7C232C2F0.DLL
C:\USERS\KIRILL\DESKTOP\TEST\ECO.LAB2_TEST\ECO.CALCULATORE\BUILDFILES\WINDOWS\X86\DYNAMICDEBUG\872FEF1DE3314B87AD44D1E7C232C2F0.ILK
C:\Users\Kirill\Desktop\TEST\Eco.Lab2_TEST\Eco.Lab1\AssemblyFiles\Windows\VisualStudio_10\Eco.CalculatorE\DynamicDebug\872FEF1DE3314B87AD44D1E7C232C2F0.exp
C:\Users\Kirill\Desktop\TEST\Eco.Lab2_TEST\Eco.Lab1\AssemblyFiles\Windows\VisualStudio_10\Eco.CalculatorE\DynamicDebug\872FEF1DE3314B87AD44D1E7C232C2F0.lib
C:\USERS\KIRILL\DESKTOP\TEST\ECO.LAB2_TEST\ECO.LAB1\ASSEMBLYFILES\WINDOWS\VISUALSTUDIO_10\ECO.CALCULATORE\DYNAMICDEBUG\872FEF1DE3314B87AD44D1E7C232C2F0.PDB
C:\Users\Kirill\Desktop\TEST\Eco.Lab3\Eco.CalculatorE\AssemblyFiles\Windows\VisualStudio_10\Eco.CalculatorE\DynamicDebug\872FEF1DE3314B87AD44D1E7C232C2F0.dll.intermediate.manifest
C:\Users\Kirill\Desktop\TEST\Eco.Lab3\Eco.CalculatorE\AssemblyFiles\Windows\VisualStudio_10\Eco.CalculatorE\DynamicDebug\CEcoCalculatorE.obj
C:\Users\Kirill\Desktop\TEST\Eco.Lab3\Eco.CalculatorE\AssemblyFiles\Windows\VisualStudio_10\Eco.CalculatorE\DynamicDebug\CEcoCalculatorEFactory.obj
C:\Users\Kirill\Desktop\TEST\Eco.Lab3\Eco.CalculatorE\AssemblyFiles\Windows\VisualStudio_10\Eco.CalculatorE\DynamicDebug\cl.command.1.tlog
C:\Users\Kirill\Desktop\TEST\Eco.Lab3\Eco.CalculatorE\AssemblyFiles\Windows\VisualStudio_10\Eco.CalculatorE\DynamicDebug\CL.read.1.tlog
C:\Users\Kirill\Desktop\TEST\Eco.Lab3\Eco.CalculatorE\AssemblyFiles\Windows\VisualStudio_10\Eco.CalculatorE\DynamicDebug\CL.write.1.tlog
C:\Users\Kirill\Desktop\TEST\Eco.Lab3\Eco.CalculatorE\AssemblyFiles\Windows\VisualStudio_10\Eco.CalculatorE\DynamicDebug\Eco.CalculatorE.vcxprojResolveAssemblyReference.cache
C:\Users\Kirill\Desktop\TEST\Eco.Lab3\Eco.CalculatorE\AssemblyFiles\Windows\VisualStudio_10\Eco.CalculatorE\DynamicDebug\Eco.CalculatorE.write.1.tlog
C:\Users\Kirill\Desktop\TEST\Eco.Lab3\Eco.CalculatorE\AssemblyFiles\Windows\VisualStudio_10\Eco.CalculatorE\DynamicDebug\link.command.1.tlog
C:\Users\Kirill\Desktop\TEST\Eco.Lab3\Eco.CalculatorE\AssemblyFiles\Windows\VisualStudio_10\Eco.CalculatorE\DynamicDebug\link.read.1.tlog
C:\Users\Kirill\Desktop\TEST\Eco.Lab3\Eco.CalculatorE\AssemblyFiles\Windows\VisualStudio_10\Eco.CalculatorE\DynamicDebug\link.write.1.tlog
C:\Users\Kirill\Desktop\TEST\Eco.Lab3\Eco.CalculatorE\AssemblyFiles\Windows\VisualStudio_10\Eco.CalculatorE\DynamicDebug\mt.command.1.tlog
C:\Users\Kirill\Desktop\TEST\Eco.Lab3\Eco.CalculatorE\AssemblyFiles\Windows\VisualStudio_10\Eco.CalculatorE\DynamicDebug\mt.read.1.tlog
C:\Users\Kirill\Desktop\TEST\Eco.Lab3\Eco.CalculatorE\AssemblyFiles\Windows\VisualStudio_10\Eco.CalculatorE\DynamicDebug\mt.write.1.tlog
C:\Users\Kirill\Desktop\TEST\Eco.Lab3\Eco.CalculatorE\AssemblyFiles\Windows\VisualStudio_10\Eco.CalculatorE\DynamicDebug\vc100.idb
C:\Users\Kirill\Desktop\TEST\Eco.Lab3\Eco.CalculatorE\AssemblyFiles\Windows\VisualStudio_10\Eco.CalculatorE\DynamicDebug\vc100.pdb
C:\Users\Kirill\Desktop\TEST\Eco.Lab3\Eco.Lab1\AssemblyFiles\Windows\VisualStudio_10\Eco.CalculatorE\DynamicDebug\872FEF1DE3314B87AD44D1E7C232C2F0.pdb
