C:\USERS\KIRILL\DESKTOP\TEST\ECO.LAB2_TEST\ECO.CALCULATORC\ASSEMBLYFILES\WINDOWS\VISUALSTUDIO_10\ECO.CALCULATORC\DYNAMICDEBUG\4828F6552E4540E78121EBD220DC360E.DLL.INTERMEDIATE.MANIFEST
C:\USERS\KIRILL\DESKTOP\TEST\ECO.LAB2_TEST\ECO.CALCULATORC\ASSEMBLYFILES\WINDOWS\VISUALSTUDIO_10\ECO.CALCULATORC\DYNAMICDEBUG\CECOCALCULATORC.OBJ
C:\USERS\KIRILL\DESKTOP\TEST\ECO.LAB2_TEST\ECO.CALCULATORC\ASSEMBLYFILES\WINDOWS\VISUALSTUDIO_10\ECO.CALCULATORC\DYNAMICDEBUG\CECOCALCULATORCFACTORY.OBJ
C:\USERS\KIRILL\DESKTOP\TEST\ECO.LAB2_TEST\ECO.CALCULATORC\ASSEMBLYFILES\WINDOWS\VISUALSTUDIO_10\ECO.CALCULATORC\DYNAMICDEBUG\VC100.PDB
C:\USERS\KIRILL\DESKTOP\TEST\ECO.LAB2_TEST\ECO.CALCULATORC\BUILDFILES\WINDOWS\X86\DYNAMICDEBUG\4828F6552E4540E78121EBD220DC360E.DLL
C:\USERS\KIRILL\DESKTOP\TEST\ECO.LAB2_TEST\ECO.CALCULATORC\BUILDFILES\WINDOWS\X86\DYNAMICDEBUG\4828F6552E4540E78121EBD220DC360E.ILK
C:\Users\Kirill\Desktop\TEST\Eco.Lab2_TEST\Eco.Lab1\AssemblyFiles\Windows\VisualStudio_10\Eco.CalculatorC\DynamicDebug\4828F6552E4540E78121EBD220DC360E.exp
C:\Users\Kirill\Desktop\TEST\Eco.Lab2_TEST\Eco.Lab1\AssemblyFiles\Windows\VisualStudio_10\Eco.CalculatorC\DynamicDebug\4828F6552E4540E78121EBD220DC360E.lib
C:\USERS\KIRILL\DESKTOP\TEST\ECO.LAB2_TEST\ECO.LAB1\ASSEMBLYFILES\WINDOWS\VISUALSTUDIO_10\ECO.CALCULATORC\DYNAMICDEBUG\4828F6552E4540E78121EBD220DC360E.PDB
C:\Users\Kirill\Desktop\TEST\Eco.Lab3\Eco.CalculatorC\AssemblyFiles\Windows\VisualStudio_10\Eco.CalculatorC\DynamicDebug\4828F6552E4540E78121EBD220DC360E.dll.intermediate.manifest
C:\Users\Kirill\Desktop\TEST\Eco.Lab3\Eco.CalculatorC\AssemblyFiles\Windows\VisualStudio_10\Eco.CalculatorC\DynamicDebug\CEcoCalculatorC.obj
C:\Users\Kirill\Desktop\TEST\Eco.Lab3\Eco.CalculatorC\AssemblyFiles\Windows\VisualStudio_10\Eco.CalculatorC\DynamicDebug\CEcoCalculatorCFactory.obj
C:\Users\Kirill\Desktop\TEST\Eco.Lab3\Eco.CalculatorC\AssemblyFiles\Windows\VisualStudio_10\Eco.CalculatorC\DynamicDebug\cl.command.1.tlog
C:\Users\Kirill\Desktop\TEST\Eco.Lab3\Eco.CalculatorC\AssemblyFiles\Windows\VisualStudio_10\Eco.CalculatorC\DynamicDebug\CL.read.1.tlog
C:\Users\Kirill\Desktop\TEST\Eco.Lab3\Eco.CalculatorC\AssemblyFiles\Windows\VisualStudio_10\Eco.CalculatorC\DynamicDebug\CL.write.1.tlog
C:\Users\Kirill\Desktop\TEST\Eco.Lab3\Eco.CalculatorC\AssemblyFiles\Windows\VisualStudio_10\Eco.CalculatorC\DynamicDebug\Eco.CalculatorC.vcxprojResolveAssemblyReference.cache
C:\Users\Kirill\Desktop\TEST\Eco.Lab3\Eco.CalculatorC\AssemblyFiles\Windows\VisualStudio_10\Eco.CalculatorC\DynamicDebug\Eco.CalculatorC.write.1.tlog
C:\Users\Kirill\Desktop\TEST\Eco.Lab3\Eco.CalculatorC\AssemblyFiles\Windows\VisualStudio_10\Eco.CalculatorC\DynamicDebug\link.command.1.tlog
C:\Users\Kirill\Desktop\TEST\Eco.Lab3\Eco.CalculatorC\AssemblyFiles\Windows\VisualStudio_10\Eco.CalculatorC\DynamicDebug\link.read.1.tlog
C:\Users\Kirill\Desktop\TEST\Eco.Lab3\Eco.CalculatorC\AssemblyFiles\Windows\VisualStudio_10\Eco.CalculatorC\DynamicDebug\link.write.1.tlog
C:\Users\Kirill\Desktop\TEST\Eco.Lab3\Eco.CalculatorC\AssemblyFiles\Windows\VisualStudio_10\Eco.CalculatorC\DynamicDebug\mt.command.1.tlog
C:\Users\Kirill\Desktop\TEST\Eco.Lab3\Eco.CalculatorC\AssemblyFiles\Windows\VisualStudio_10\Eco.CalculatorC\DynamicDebug\mt.read.1.tlog
C:\Users\Kirill\Desktop\TEST\Eco.Lab3\Eco.CalculatorC\AssemblyFiles\Windows\VisualStudio_10\Eco.CalculatorC\DynamicDebug\mt.write.1.tlog
C:\Users\Kirill\Desktop\TEST\Eco.Lab3\Eco.CalculatorC\AssemblyFiles\Windows\VisualStudio_10\Eco.CalculatorC\DynamicDebug\vc100.idb
C:\Users\Kirill\Desktop\TEST\Eco.Lab3\Eco.CalculatorC\AssemblyFiles\Windows\VisualStudio_10\Eco.CalculatorC\DynamicDebug\vc100.pdb
C:\Users\Kirill\Desktop\TEST\Eco.Lab3\Eco.Lab1\AssemblyFiles\Windows\VisualStudio_10\Eco.CalculatorC\DynamicDebug\4828F6552E4540E78121EBD220DC360E.pdb
